2021-01-19 16:56:50 ERROR Main:19 - error:
java.lang.ArrayIndexOutOfBoundsException: 0
	at menu.MainMenu.commandsLoop(MainMenu.java:64)
	at menu.MainMenu.<init>(MainMenu.java:51)
	at Main.main(Main.java:17)
2021-01-19 16:57:31 ERROR Main:19 - error:
java.lang.ArrayIndexOutOfBoundsException: 0
	at menu.MainMenu.commandsLoop(MainMenu.java:64)
	at menu.MainMenu.<init>(MainMenu.java:51)
	at Main.main(Main.java:17)
2021-01-19 16:58:03 ERROR Main:19 - error:
java.lang.ArrayIndexOutOfBoundsException: 0
	at menu.MainMenu.commandsLoop(MainMenu.java:64)
	at menu.MainMenu.<init>(MainMenu.java:51)
	at Main.main(Main.java:17)
2021-01-19 16:58:24 ERROR Main:19 - error:
java.lang.ArrayIndexOutOfBoundsException: 0
	at menu.MainMenu.commandsLoop(MainMenu.java:64)
	at menu.MainMenu.<init>(MainMenu.java:51)
	at Main.main(Main.java:17)
2021-01-19 17:00:09 ERROR Main:19 - program encountered error:
java.lang.ArrayIndexOutOfBoundsException: 0
	at menu.MainMenu.commandsLoop(MainMenu.java:64)
	at menu.MainMenu.<init>(MainMenu.java:51)
	at Main.main(Main.java:17)
2021-01-19 17:22:36 ERROR Main:19 - program encountered error:
java.lang.ArrayIndexOutOfBoundsException: 0
	at menu.MainMenu.commandsLoop(MainMenu.java:64)
	at menu.MainMenu.<init>(MainMenu.java:51)
	at Main.main(Main.java:17)
2021-01-19 17:28:28 ERROR Main:19 - program encountered error:
java.lang.ArrayIndexOutOfBoundsException: 0
	at menu.MainMenu.commandsLoop(MainMenu.java:64)
	at menu.MainMenu.<init>(MainMenu.java:51)
	at Main.main(Main.java:17)
2021-01-19 17:31:00 ERROR Main:19 - program encountered error:
java.lang.ArrayIndexOutOfBoundsException: 0
	at menu.MainMenu.commandsLoop(MainMenu.java:64)
	at menu.MainMenu.<init>(MainMenu.java:51)
	at Main.main(Main.java:17)
